<?xml version="1.0" encoding="UTF-8"?>
<!-- Generated by org.testng.reporters.JUnitReportReporter -->
<testsuite hostname="pc" failures="0" tests="20" name="demo.CBT" time="47.751" errors="0" timestamp="16 Dec 2018 18:02:24 GMT" skipped="4">
  <testcase classname="demo.CBT" name="verifyTitle" time="1.615"/>
  <testcase classname="demo.CBT" name="verifyTitle" time="0.005"/>
  <testcase classname="demo.CBT" name="verifyTitle" time="0.012"/>
  <testcase classname="demo.CBT" name="verifyTitle" time="0.026"/>
  <testcase classname="demo.CBT" name="verifySignInBtnVisibility" time="0.009"/>
  <testcase classname="demo.CBT" name="verifySignInBtnVisibility" time="0.020"/>
  <testcase classname="demo.CBT" name="verifySignInBtnVisibility" time="0.035"/>
  <testcase classname="demo.CBT" name="verifySignInBtnVisibility" time="0.192"/>
  <testcase classname="demo.CBT" name="verifySearchBtnBeforeText" time="0.145"/>
  <testcase classname="demo.CBT" name="verifySearchBtnBeforeText" time="0.011"/>
  <testcase classname="demo.CBT" name="verifySearchBtnBeforeText" time="0.020"/>
  <testcase classname="demo.CBT" name="verifySearchBtnBeforeText" time="0.005"/>
  <testcase classname="demo.CBT" name="verifySearchBtnAfterText" time="45.507"/>
  <testcase classname="demo.CBT" name="verifySearchBtnAfterText" time="0.063"/>
  <testcase classname="demo.CBT" name="verifySearchBtnAfterText" time="0.020"/>
  <testcase classname="demo.CBT" name="verifySearchBtnAfterText" time="0.066"/>
  <testcase classname="demo.CBT" name="verifyText">
    <skipped/>
  </testcase> <!-- verifyText -->
  <testcase classname="demo.CBT" name="verifyText">
    <skipped/>
  </testcase> <!-- verifyText -->
  <testcase classname="demo.CBT" name="verifyText">
    <skipped/>
  </testcase> <!-- verifyText -->
  <testcase classname="demo.CBT" name="verifyText">
    <skipped/>
  </testcase> <!-- verifyText -->
</testsuite> <!-- demo.CBT -->
