<?xml version="1.0" encoding="UTF-8"?>
<!-- Generated by org.testng.reporters.JUnitReportReporter -->
<testsuite hostname="pc" failures="0" tests="1" name="demo.DifferentBrowser" time="6.478" errors="0" timestamp="16 Dec 2018 17:40:58 GMT" skipped="0">
  <testcase classname="demo.DifferentBrowser" name="openBrowser" time="6.478"/>
</testsuite> <!-- demo.DifferentBrowser -->
