<?xml version="1.0" encoding="UTF-8"?>
<!-- Generated by org.testng.reporters.JUnitReportReporter -->
<testsuite hostname="pc" failures="0" tests="5" name="demo.MultipleValidations" time="0.114" errors="0" timestamp="16 Dec 2018 17:22:42 GMT" skipped="1">
  <testcase classname="demo.MultipleValidations" name="verifyTitle" time="0.008"/>
  <testcase classname="demo.MultipleValidations" name="verifySignInBtnVisibility" time="0.026"/>
  <testcase classname="demo.MultipleValidations" name="verifySearchBtnBeforeText" time="0.019"/>
  <testcase classname="demo.MultipleValidations" name="verifySearchBtnAfterText" time="0.061"/>
  <testcase classname="demo.MultipleValidations" name="verifyText">
    <skipped/>
  </testcase> <!-- verifyText -->
</testsuite> <!-- demo.MultipleValidations -->
