<?xml version="1.0" encoding="UTF-8"?>
<!-- Generated by org.testng.reporters.JUnitReportReporter -->
<testsuite hostname="pc" failures="0" tests="1" name="demo.VerifyTitle" time="0.868" errors="0" timestamp="16 Dec 2018 16:26:01 GMT" skipped="0">
  <testcase classname="demo.VerifyTitle" name="titleVerification" time="0.868"/>
</testsuite> <!-- demo.VerifyTitle -->
